<?xml version="1.0" encoding="UTF-8"?>
<!-- Generated by org.testng.reporters.JUnitReportReporter -->
<testsuite hostname="LAPTOP-E01HO7SE" failures="0" tests="2" name="ExcelRead.TestCase1" time="532.635" errors="0" timestamp="2021-11-17T19:34:25 IST" skipped="0">
  <testcase classname="ExcelRead.TestCase1" name="basicDetail" time="262.206"/>
  <system-out/>
  <testcase classname="ExcelRead.TestCase1" name="basicDetail" time="270.429"/>
  <system-out/>
</testsuite> <!-- ExcelRead.TestCase1 -->
