<?xml version="1.0" encoding="UTF-8"?>
<!-- Generated by org.testng.reporters.JUnitReportReporter -->
<testsuite hostname="LAPTOP-JQ4BDR17" failures="0" tests="3" name="scenarioExecution.ACDScenarioExecution" time="4300.213" errors="0" timestamp="2022-04-18T13:11:26 IST" skipped="0">
  <testcase classname="scenarioExecution.ACDScenarioExecution" name="ACDscript" time="3197.552"/>
  <system-out/>
  <testcase classname="scenarioExecution.ACDScenarioExecution" name="myAcheckCreateInvite" time="772.022"/>
  <system-out/>
  <testcase classname="scenarioExecution.ACDScenarioExecution" name="myAcheckBulkInvite" time="330.639"/>
  <system-out/>
</testsuite> <!-- scenarioExecution.ACDScenarioExecution -->
