<?xml version="1.0" encoding="UTF-8"?>
<!-- Generated by org.testng.reporters.JUnitReportReporter -->
<testsuite hostname="LAPTOP-JQ4BDR17" failures="0" tests="1" name="scenarioexecution.ACDdashboard" time="0.388" errors="0" timestamp="2022-04-21T21:34:31 IST" skipped="0">
  <testcase classname="scenarioexecution.ACDdashboard" name="searchCurrentDate" time="0.388"/>
  <system-out/>
</testsuite> <!-- scenarioexecution.ACDdashboard -->
