<?xml version="1.0" encoding="UTF-8"?>
<!-- Generated by org.testng.reporters.JUnitReportReporter -->
<testsuite hostname="LAPTOP-JQ4BDR17" failures="0" tests="2" name="scenarioexecution.ACDdashboard" time="155.177" errors="0" timestamp="2022-04-26T02:25:04 IST" skipped="0">
  <testcase classname="scenarioexecution.ACDdashboard" name="ExpiredCount" time="74.068"/>
  <system-out/>
  <testcase classname="scenarioexecution.ACDdashboard" name="MyacheckCancelVerify" time="81.109"/>
  <system-out/>
</testsuite> <!-- scenarioexecution.ACDdashboard -->
