<?xml version="1.0" encoding="UTF-8"?>
<!-- Generated by org.testng.reporters.JUnitReportReporter -->
<testsuite skipped="0" hostname="LISHANTH" name="utilities.Excelconfiguration" tests="1" failures="0" timestamp="2021-11-14T04:43:23 IST" time="0.765" errors="0">
  <testcase name="getData" time="0.765" classname="utilities.Excelconfiguration"/>
  <system-out/>
</testsuite> <!-- utilities.Excelconfiguration -->
